<?xml version="1.0" encoding="UTF-8"?>
<!-- Generated by org.testng.reporters.JUnitReportReporter -->
<testsuite skipped="0" hostname="DESKTOP-E9QP468" name="com.hrm.TestCases.TC_Login" tests="2" failures="0" timestamp="20 Dec 2019 03:34:11 GMT" time="7.434" errors="0">
  <testcase name="LoginTest" time="5.888" classname="com.hrm.TestCases.TC_Login"/>
  <testcase name="TC_Dashboard" time="1.546" classname="com.hrm.TestCases.TC_Login"/>
</testsuite> <!-- com.hrm.TestCases.TC_Login -->
